<?xml version="1.0" encoding="UTF-8"?>
<testng-results skipped="0" failed="1" ignored="0" total="4" passed="3">
  <reporter-output>
    <line>
      <![CDATA[<br>]]>
    </line>
    <line>
      <![CDATA[1. From the home page go to contact page - Successful]]>
    </line>
    <line>
      <![CDATA[<br>]]>
    </line>
    <line>
      <![CDATA[2. Click submit button - Successful]]>
    </line>
    <line>
      <![CDATA[<br>]]>
    </line>
    <line>
      <![CDATA[3. Validate errors]]>
    </line>
    <line>
      <![CDATA[<br>]]>
    </line>
    <line>
      <![CDATA[ForeName Error is Displayed]]>
    </line>
    <line>
      <![CDATA[<br>]]>
    </line>
    <line>
      <![CDATA[Email Error is Displayed]]>
    </line>
    <line>
      <![CDATA[<br>]]>
    </line>
    <line>
      <![CDATA[Message Error is Displayed]]>
    </line>
    <line>
      <![CDATA[<br>]]>
    </line>
    <line>
      <![CDATA[Click to see Screenshot]]>
    </line>
    <line>
      <![CDATA[<a target="_blank" href=Thu_Nov_05_16_22_43_AEDT_2020.jpg>Screenshot</a>]]>
    </line>
    <line>
      <![CDATA[<br>]]>
    </line>
    <line>
      <![CDATA[4. Populate mandatory fields - Successful]]>
    </line>
    <line>
      <![CDATA[<br>]]>
    </line>
    <line>
      <![CDATA[5. Validate errors are gone]]>
    </line>
    <line>
      <![CDATA[<br>]]>
    </line>
    <line>
      <![CDATA[ForeName Error is not Displayed]]>
    </line>
    <line>
      <![CDATA[<br>]]>
    </line>
    <line>
      <![CDATA[Email Error is not Displayed]]>
    </line>
    <line>
      <![CDATA[<br>]]>
    </line>
    <line>
      <![CDATA[Message Error is not Displayed]]>
    </line>
    <line>
      <![CDATA[<br>]]>
    </line>
    <line>
      <![CDATA[Click to see Screenshot]]>
    </line>
    <line>
      <![CDATA[<a target="_blank" href=Thu_Nov_05_16_22_59_AEDT_2020.jpg>Screenshot</a>]]>
    </line>
    <line>
      <![CDATA[<br>]]>
    </line>
    <line>
      <![CDATA[testCase01 Ended Successfully]]>
    </line>
    <line>
      <![CDATA[<br>]]>
    </line>
    <line>
      <![CDATA[1. From the home page go to contact page - Successful]]>
    </line>
    <line>
      <![CDATA[<br>]]>
    </line>
    <line>
      <![CDATA[2. Populate mandatory fields - Successful]]>
    </line>
    <line>
      <![CDATA[<br>]]>
    </line>
    <line>
      <![CDATA[3. Click submit button - Successful]]>
    </line>
    <line>
      <![CDATA[<br>]]>
    </line>
    <line>
      <![CDATA[4. Validate successful submission message]]>
    </line>
    <line>
      <![CDATA[<br>]]>
    </line>
    <line>
      <![CDATA[Success Message is Displayed]]>
    </line>
    <line>
      <![CDATA[<br>]]>
    </line>
    <line>
      <![CDATA[Click to see Screenshot]]>
    </line>
    <line>
      <![CDATA[<a target="_blank" href=Thu_Nov_05_16_23_09_AEDT_2020.jpg>Screenshot</a>]]>
    </line>
    <line>
      <![CDATA[<br>]]>
    </line>
    <line>
      <![CDATA[Assert False to show a failed test validation]]>
    </line>
    <line>
      <![CDATA[<br>]]>
    </line>
    <line>
      <![CDATA[Click to see Screenshot]]>
    </line>
    <line>
      <![CDATA[<a target="_blank" href=Thu_Nov_05_16_23_09_AEDT_2020.jpg>Screenshot</a>]]>
    </line>
    <line>
      <![CDATA[<br>]]>
    </line>
    <line>
      <![CDATA[<br>]]>
    </line>
    <line>
      <![CDATA[<a target="_blank" href=Thu_Nov_05_16_23_09_AEDT_2020.jpg><img src=Thu_Nov_05_16_23_09_AEDT_2020.jpg height=200 width=200></img></a>]]>
    </line>
    <line>
      <![CDATA[1. From the home page go to contact page - Successful]]>
    </line>
    <line>
      <![CDATA[<br>]]>
    </line>
    <line>
      <![CDATA[2. Populated mandatory fields with invalid data]]>
    </line>
    <line>
      <![CDATA[<br>]]>
    </line>
    <line>
      <![CDATA[3. Validate errors]]>
    </line>
    <line>
      <![CDATA[<br>]]>
    </line>
    <line>
      <![CDATA[Error Notification - Header is Displayed]]>
    </line>
    <line>
      <![CDATA[<br>]]>
    </line>
    <line>
      <![CDATA[Email Error - Alert is Displayed]]>
    </line>
    <line>
      <![CDATA[<br>]]>
    </line>
    <line>
      <![CDATA[Click to see Screenshot]]>
    </line>
    <line>
      <![CDATA[<a target="_blank" href=Thu_Nov_05_16_23_18_AEDT_2020.jpg>Screenshot</a>]]>
    </line>
    <line>
      <![CDATA[<br>]]>
    </line>
    <line>
      <![CDATA[testCase03 Ended Successfully]]>
    </line>
    <line>
      <![CDATA[<br>]]>
    </line>
    <line>
      <![CDATA[1. From the home page go to shop page - Successful]]>
    </line>
    <line>
      <![CDATA[<br>]]>
    </line>
    <line>
      <![CDATA[2. Click buy button 2 times on Funny Cow - Successful]]>
    </line>
    <line>
      <![CDATA[<br>]]>
    </line>
    <line>
      <![CDATA[3. Click buy button 1 time on Fluffy Bunny - Successful]]>
    </line>
    <line>
      <![CDATA[<br>]]>
    </line>
    <line>
      <![CDATA[4. Click the cart menu - Successful]]>
    </line>
    <line>
      <![CDATA[<br>]]>
    </line>
    <line>
      <![CDATA[5. Verifing the items in the cart]]>
    </line>
    <line>
      <![CDATA[<br>]]>
    </line>
    <line>
      <![CDATA[Funny Cow is displayed]]>
    </line>
    <line>
      <![CDATA[<br>]]>
    </line>
    <line>
      <![CDATA[Fluffy Bunny is displayed]]>
    </line>
    <line>
      <![CDATA[<br>]]>
    </line>
    <line>
      <![CDATA[Click to see Screenshot]]>
    </line>
    <line>
      <![CDATA[<a target="_blank" href=Thu_Nov_05_16_23_26_AEDT_2020.jpg>Screenshot</a>]]>
    </line>
    <line>
      <![CDATA[<br>]]>
    </line>
    <line>
      <![CDATA[testCase04 Ended Successfully]]>
    </line>
  </reporter-output>
  <suite name="Jupiter Toys" duration-ms="51334" started-at="2020-11-05T05:22:35Z" finished-at="2020-11-05T05:23:26Z">
    <groups>
    </groups>
    <test name="TestCase1" duration-ms="24402" started-at="2020-11-05T05:22:35Z" finished-at="2020-11-05T05:22:59Z">
      <class name="com.jupiter.cloud.planittesting.v1.TestCase1">
        <test-method status="PASS" signature="initialSetup()[pri:0, instance:com.jupiter.cloud.planittesting.v1.TestCase1@48ae9b55]" name="initialSetup" is-config="true" duration-ms="7880" started-at="2020-11-05T05:22:35Z" finished-at="2020-11-05T05:22:43Z">
          <reporter-output>
          </reporter-output>
        </test-method> <!-- initialSetup -->
        <test-method status="PASS" signature="testCase01()[pri:0, instance:com.jupiter.cloud.planittesting.v1.TestCase1@48ae9b55]" name="testCase01" duration-ms="16451" started-at="2020-11-05T05:22:43Z" finished-at="2020-11-05T05:22:59Z">
          <reporter-output>
            <line>
              <![CDATA[<br>]]>
            </line>
            <line>
              <![CDATA[1. From the home page go to contact page - Successful]]>
            </line>
            <line>
              <![CDATA[<br>]]>
            </line>
            <line>
              <![CDATA[2. Click submit button - Successful]]>
            </line>
            <line>
              <![CDATA[<br>]]>
            </line>
            <line>
              <![CDATA[3. Validate errors]]>
            </line>
            <line>
              <![CDATA[<br>]]>
            </line>
            <line>
              <![CDATA[ForeName Error is Displayed]]>
            </line>
            <line>
              <![CDATA[<br>]]>
            </line>
            <line>
              <![CDATA[Email Error is Displayed]]>
            </line>
            <line>
              <![CDATA[<br>]]>
            </line>
            <line>
              <![CDATA[Message Error is Displayed]]>
            </line>
            <line>
              <![CDATA[<br>]]>
            </line>
            <line>
              <![CDATA[Click to see Screenshot]]>
            </line>
            <line>
              <![CDATA[<a target="_blank" href=Thu_Nov_05_16_22_43_AEDT_2020.jpg>Screenshot</a>]]>
            </line>
            <line>
              <![CDATA[<br>]]>
            </line>
            <line>
              <![CDATA[4. Populate mandatory fields - Successful]]>
            </line>
            <line>
              <![CDATA[<br>]]>
            </line>
            <line>
              <![CDATA[5. Validate errors are gone]]>
            </line>
            <line>
              <![CDATA[<br>]]>
            </line>
            <line>
              <![CDATA[ForeName Error is not Displayed]]>
            </line>
            <line>
              <![CDATA[<br>]]>
            </line>
            <line>
              <![CDATA[Email Error is not Displayed]]>
            </line>
            <line>
              <![CDATA[<br>]]>
            </line>
            <line>
              <![CDATA[Message Error is not Displayed]]>
            </line>
            <line>
              <![CDATA[<br>]]>
            </line>
            <line>
              <![CDATA[Click to see Screenshot]]>
            </line>
            <line>
              <![CDATA[<a target="_blank" href=Thu_Nov_05_16_22_59_AEDT_2020.jpg>Screenshot</a>]]>
            </line>
            <line>
              <![CDATA[<br>]]>
            </line>
            <line>
              <![CDATA[testCase01 Ended Successfully]]>
            </line>
          </reporter-output>
        </test-method> <!-- testCase01 -->
        <test-method status="PASS" signature="closeBrowser()[pri:0, instance:com.jupiter.cloud.planittesting.v1.TestCase1@48ae9b55]" name="closeBrowser" is-config="true" duration-ms="60" started-at="2020-11-05T05:22:59Z" finished-at="2020-11-05T05:22:59Z">
          <reporter-output>
          </reporter-output>
        </test-method> <!-- closeBrowser -->
      </class> <!-- com.jupiter.cloud.planittesting.v1.TestCase1 -->
    </test> <!-- TestCase1 -->
    <test name="TestCase2" duration-ms="10251" started-at="2020-11-05T05:22:59Z" finished-at="2020-11-05T05:23:09Z">
      <class name="com.jupiter.cloud.planittesting.v1.TestCase2">
        <test-method status="PASS" signature="initialSetup()[pri:0, instance:com.jupiter.cloud.planittesting.v1.TestCase2@7ed7259e]" name="initialSetup" is-config="true" duration-ms="7335" started-at="2020-11-05T05:22:59Z" finished-at="2020-11-05T05:23:07Z">
          <reporter-output>
          </reporter-output>
        </test-method> <!-- initialSetup -->
        <test-method status="FAIL" signature="testCase02()[pri:0, instance:com.jupiter.cloud.planittesting.v1.TestCase2@7ed7259e]" name="testCase02" duration-ms="2529" started-at="2020-11-05T05:23:07Z" finished-at="2020-11-05T05:23:09Z">
          <exception class="java.lang.AssertionError">
            <message>
              <![CDATA[expected [true] but found [false]]]>
            </message>
            <full-stacktrace>
              <![CDATA[java.lang.AssertionError: expected [true] but found [false]
at org.testng.Assert.fail(Assert.java:96)
at org.testng.Assert.failNotEquals(Assert.java:776)
at org.testng.Assert.assertTrue(Assert.java:44)
at org.testng.Assert.assertTrue(Assert.java:54)
at com.jupiter.cloud.planittesting.v1.TestCase2.testCase02(TestCase2.java:53)
at sun.reflect.NativeMethodAccessorImpl.invoke0(Native Method)
at sun.reflect.NativeMethodAccessorImpl.invoke(NativeMethodAccessorImpl.java:62)
at sun.reflect.DelegatingMethodAccessorImpl.invoke(DelegatingMethodAccessorImpl.java:43)
at java.lang.reflect.Method.invoke(Method.java:498)
at org.testng.internal.MethodInvocationHelper.invokeMethod(MethodInvocationHelper.java:124)
at org.testng.internal.Invoker.invokeMethod(Invoker.java:583)
at org.testng.internal.Invoker.invokeTestMethod(Invoker.java:719)
at org.testng.internal.Invoker.invokeTestMethods(Invoker.java:989)
at org.testng.internal.TestMethodWorker.invokeTestMethods(TestMethodWorker.java:125)
at org.testng.internal.TestMethodWorker.run(TestMethodWorker.java:109)
at org.testng.TestRunner.privateRun(TestRunner.java:648)
at org.testng.TestRunner.run(TestRunner.java:505)
at org.testng.SuiteRunner.runTest(SuiteRunner.java:455)
at org.testng.SuiteRunner.runSequentially(SuiteRunner.java:450)
at org.testng.SuiteRunner.privateRun(SuiteRunner.java:415)
at org.testng.SuiteRunner.run(SuiteRunner.java:364)
at org.testng.SuiteRunnerWorker.runSuite(SuiteRunnerWorker.java:52)
at org.testng.SuiteRunnerWorker.run(SuiteRunnerWorker.java:84)
at org.testng.TestNG.runSuitesSequentially(TestNG.java:1208)
at org.testng.TestNG.runSuitesLocally(TestNG.java:1137)
at org.testng.TestNG.runSuites(TestNG.java:1049)
at org.testng.TestNG.run(TestNG.java:1017)
at org.apache.maven.surefire.testng.TestNGExecutor.run(TestNGExecutor.java:284)
at org.apache.maven.surefire.testng.TestNGXmlTestSuite.execute(TestNGXmlTestSuite.java:75)
at org.apache.maven.surefire.testng.TestNGProvider.invoke(TestNGProvider.java:119)
at org.apache.maven.surefire.booter.ForkedBooter.runSuitesInProcess(ForkedBooter.java:428)
at org.apache.maven.surefire.booter.ForkedBooter.execute(ForkedBooter.java:162)
at org.apache.maven.surefire.booter.ForkedBooter.run(ForkedBooter.java:562)
at org.apache.maven.surefire.booter.ForkedBooter.main(ForkedBooter.java:548)
]]>
            </full-stacktrace>
          </exception> <!-- java.lang.AssertionError -->
          <reporter-output>
            <line>
              <![CDATA[<br>]]>
            </line>
            <line>
              <![CDATA[1. From the home page go to contact page - Successful]]>
            </line>
            <line>
              <![CDATA[<br>]]>
            </line>
            <line>
              <![CDATA[2. Populate mandatory fields - Successful]]>
            </line>
            <line>
              <![CDATA[<br>]]>
            </line>
            <line>
              <![CDATA[3. Click submit button - Successful]]>
            </line>
            <line>
              <![CDATA[<br>]]>
            </line>
            <line>
              <![CDATA[4. Validate successful submission message]]>
            </line>
            <line>
              <![CDATA[<br>]]>
            </line>
            <line>
              <![CDATA[Success Message is Displayed]]>
            </line>
            <line>
              <![CDATA[<br>]]>
            </line>
            <line>
              <![CDATA[Click to see Screenshot]]>
            </line>
            <line>
              <![CDATA[<a target="_blank" href=Thu_Nov_05_16_23_09_AEDT_2020.jpg>Screenshot</a>]]>
            </line>
            <line>
              <![CDATA[<br>]]>
            </line>
            <line>
              <![CDATA[Assert False to show a failed test validation]]>
            </line>
            <line>
              <![CDATA[<br>]]>
            </line>
            <line>
              <![CDATA[Click to see Screenshot]]>
            </line>
            <line>
              <![CDATA[<a target="_blank" href=Thu_Nov_05_16_23_09_AEDT_2020.jpg>Screenshot</a>]]>
            </line>
            <line>
              <![CDATA[<br>]]>
            </line>
            <line>
              <![CDATA[<br>]]>
            </line>
            <line>
              <![CDATA[<a target="_blank" href=Thu_Nov_05_16_23_09_AEDT_2020.jpg><img src=Thu_Nov_05_16_23_09_AEDT_2020.jpg height=200 width=200></img></a>]]>
            </line>
          </reporter-output>
        </test-method> <!-- testCase02 -->
        <test-method status="PASS" signature="closeBrowser()[pri:0, instance:com.jupiter.cloud.planittesting.v1.TestCase2@7ed7259e]" name="closeBrowser" is-config="true" duration-ms="59" started-at="2020-11-05T05:23:09Z" finished-at="2020-11-05T05:23:09Z">
          <reporter-output>
          </reporter-output>
        </test-method> <!-- closeBrowser -->
      </class> <!-- com.jupiter.cloud.planittesting.v1.TestCase2 -->
    </test> <!-- TestCase2 -->
    <test name="TestCase3" duration-ms="8246" started-at="2020-11-05T05:23:09Z" finished-at="2020-11-05T05:23:18Z">
      <class name="com.jupiter.cloud.planittesting.v1.TestCase3">
        <test-method status="PASS" signature="initialSetup()[pri:0, instance:com.jupiter.cloud.planittesting.v1.TestCase3@c33b74f]" name="initialSetup" is-config="true" duration-ms="7331" started-at="2020-11-05T05:23:09Z" finished-at="2020-11-05T05:23:17Z">
          <reporter-output>
          </reporter-output>
        </test-method> <!-- initialSetup -->
        <test-method status="PASS" signature="testCase03()[pri:0, instance:com.jupiter.cloud.planittesting.v1.TestCase3@c33b74f]" name="testCase03" duration-ms="870" started-at="2020-11-05T05:23:17Z" finished-at="2020-11-05T05:23:18Z">
          <reporter-output>
            <line>
              <![CDATA[1. From the home page go to contact page - Successful]]>
            </line>
            <line>
              <![CDATA[<br>]]>
            </line>
            <line>
              <![CDATA[2. Populated mandatory fields with invalid data]]>
            </line>
            <line>
              <![CDATA[<br>]]>
            </line>
            <line>
              <![CDATA[3. Validate errors]]>
            </line>
            <line>
              <![CDATA[<br>]]>
            </line>
            <line>
              <![CDATA[Error Notification - Header is Displayed]]>
            </line>
            <line>
              <![CDATA[<br>]]>
            </line>
            <line>
              <![CDATA[Email Error - Alert is Displayed]]>
            </line>
            <line>
              <![CDATA[<br>]]>
            </line>
            <line>
              <![CDATA[Click to see Screenshot]]>
            </line>
            <line>
              <![CDATA[<a target="_blank" href=Thu_Nov_05_16_23_18_AEDT_2020.jpg>Screenshot</a>]]>
            </line>
            <line>
              <![CDATA[<br>]]>
            </line>
            <line>
              <![CDATA[testCase03 Ended Successfully]]>
            </line>
          </reporter-output>
        </test-method> <!-- testCase03 -->
        <test-method status="PASS" signature="closeBrowser()[pri:0, instance:com.jupiter.cloud.planittesting.v1.TestCase3@c33b74f]" name="closeBrowser" is-config="true" duration-ms="43" started-at="2020-11-05T05:23:18Z" finished-at="2020-11-05T05:23:18Z">
          <reporter-output>
          </reporter-output>
        </test-method> <!-- closeBrowser -->
      </class> <!-- com.jupiter.cloud.planittesting.v1.TestCase3 -->
    </test> <!-- TestCase3 -->
    <test name="TestCase4" duration-ms="8416" started-at="2020-11-05T05:23:18Z" finished-at="2020-11-05T05:23:26Z">
      <class name="com.jupiter.cloud.planittesting.v1.TestCase4">
        <test-method status="PASS" signature="loadObjectRepository()[pri:0, instance:com.jupiter.cloud.planittesting.v1.TestCase4@2ef3eef9]" name="loadObjectRepository" is-config="true" duration-ms="10" started-at="2020-11-05T05:22:35Z" finished-at="2020-11-05T05:22:35Z">
          <reporter-output>
          </reporter-output>
        </test-method> <!-- loadObjectRepository -->
        <test-method status="PASS" signature="initialSetup()[pri:0, instance:com.jupiter.cloud.planittesting.v1.TestCase4@2ef3eef9]" name="initialSetup" is-config="true" duration-ms="7267" started-at="2020-11-05T05:23:18Z" finished-at="2020-11-05T05:23:25Z">
          <reporter-output>
          </reporter-output>
        </test-method> <!-- initialSetup -->
        <test-method status="PASS" signature="testCase04()[pri:0, instance:com.jupiter.cloud.planittesting.v1.TestCase4@2ef3eef9]" name="testCase04" duration-ms="1100" started-at="2020-11-05T05:23:25Z" finished-at="2020-11-05T05:23:26Z">
          <reporter-output>
            <line>
              <![CDATA[<br>]]>
            </line>
            <line>
              <![CDATA[1. From the home page go to shop page - Successful]]>
            </line>
            <line>
              <![CDATA[<br>]]>
            </line>
            <line>
              <![CDATA[2. Click buy button 2 times on Funny Cow - Successful]]>
            </line>
            <line>
              <![CDATA[<br>]]>
            </line>
            <line>
              <![CDATA[3. Click buy button 1 time on Fluffy Bunny - Successful]]>
            </line>
            <line>
              <![CDATA[<br>]]>
            </line>
            <line>
              <![CDATA[4. Click the cart menu - Successful]]>
            </line>
            <line>
              <![CDATA[<br>]]>
            </line>
            <line>
              <![CDATA[5. Verifing the items in the cart]]>
            </line>
            <line>
              <![CDATA[<br>]]>
            </line>
            <line>
              <![CDATA[Funny Cow is displayed]]>
            </line>
            <line>
              <![CDATA[<br>]]>
            </line>
            <line>
              <![CDATA[Fluffy Bunny is displayed]]>
            </line>
            <line>
              <![CDATA[<br>]]>
            </line>
            <line>
              <![CDATA[Click to see Screenshot]]>
            </line>
            <line>
              <![CDATA[<a target="_blank" href=Thu_Nov_05_16_23_26_AEDT_2020.jpg>Screenshot</a>]]>
            </line>
            <line>
              <![CDATA[<br>]]>
            </line>
            <line>
              <![CDATA[testCase04 Ended Successfully]]>
            </line>
          </reporter-output>
        </test-method> <!-- testCase04 -->
        <test-method status="PASS" signature="closeBrowser()[pri:0, instance:com.jupiter.cloud.planittesting.v1.TestCase4@2ef3eef9]" name="closeBrowser" is-config="true" duration-ms="49" started-at="2020-11-05T05:23:26Z" finished-at="2020-11-05T05:23:26Z">
          <reporter-output>
          </reporter-output>
        </test-method> <!-- closeBrowser -->
        <test-method status="PASS" signature="tearDown()[pri:0, instance:com.jupiter.cloud.planittesting.v1.TestCase4@2ef3eef9]" name="tearDown" is-config="true" duration-ms="554" started-at="2020-11-05T05:23:26Z" finished-at="2020-11-05T05:23:27Z">
          <reporter-output>
          </reporter-output>
        </test-method> <!-- tearDown -->
      </class> <!-- com.jupiter.cloud.planittesting.v1.TestCase4 -->
    </test> <!-- TestCase4 -->
  </suite> <!-- Jupiter Toys -->
</testng-results>
