<?xml version="1.0" encoding="UTF-8"?>
<testng-results skipped="0" failed="2" ignored="0" total="4" passed="2">
  <reporter-output>
    <line>
      <![CDATA[<br>]]>
    </line>
    <line>
      <![CDATA[Click to see Screenshot]]>
    </line>
    <line>
      <![CDATA[<a target="_blank" href=Thu_Nov_05_15_08_46_AEDT_2020.jpg>Screenshot</a>]]>
    </line>
    <line>
      <![CDATA[<br>]]>
    </line>
    <line>
      <![CDATA[<br>]]>
    </line>
    <line>
      <![CDATA[<a target="_blank" href=Thu_Nov_05_15_08_46_AEDT_2020.jpg><img src=Thu_Nov_05_15_08_46_AEDT_2020.jpg height=200 width=200></img></a>]]>
    </line>
    <line>
      <![CDATA[<br>]]>
    </line>
    <line>
      <![CDATA[1. From the home page go to contact page - Successful]]>
    </line>
    <line>
      <![CDATA[<br>]]>
    </line>
    <line>
      <![CDATA[2. Populate mandatory fields - Successful]]>
    </line>
    <line>
      <![CDATA[<br>]]>
    </line>
    <line>
      <![CDATA[3. Click submit button - Successful]]>
    </line>
    <line>
      <![CDATA[<br>]]>
    </line>
    <line>
      <![CDATA[4. Validate successful submission message]]>
    </line>
    <line>
      <![CDATA[<br>]]>
    </line>
    <line>
      <![CDATA[Success Message is Displayed]]>
    </line>
    <line>
      <![CDATA[<br>]]>
    </line>
    <line>
      <![CDATA[Click to see Screenshot]]>
    </line>
    <line>
      <![CDATA[<a target="_blank" href=Thu_Nov_05_15_08_58_AEDT_2020.jpg>Screenshot</a>]]>
    </line>
    <line>
      <![CDATA[<br>]]>
    </line>
    <line>
      <![CDATA[Click to see Screenshot]]>
    </line>
    <line>
      <![CDATA[<a target="_blank" href=Thu_Nov_05_15_08_59_AEDT_2020.jpg>Screenshot</a>]]>
    </line>
    <line>
      <![CDATA[<br>]]>
    </line>
    <line>
      <![CDATA[<br>]]>
    </line>
    <line>
      <![CDATA[<a target="_blank" href=Thu_Nov_05_15_08_59_AEDT_2020.jpg><img src=Thu_Nov_05_15_08_59_AEDT_2020.jpg height=200 width=200></img></a>]]>
    </line>
    <line>
      <![CDATA[1. From the home page go to contact page - Successful]]>
    </line>
    <line>
      <![CDATA[<br>]]>
    </line>
    <line>
      <![CDATA[2. Populated mandatory fields with invalid data]]>
    </line>
    <line>
      <![CDATA[<br>]]>
    </line>
    <line>
      <![CDATA[3. Validate errors]]>
    </line>
    <line>
      <![CDATA[<br>]]>
    </line>
    <line>
      <![CDATA[Error Notification - Header is Displayed]]>
    </line>
    <line>
      <![CDATA[<br>]]>
    </line>
    <line>
      <![CDATA[Email Error - Alert is Displayed]]>
    </line>
    <line>
      <![CDATA[<br>]]>
    </line>
    <line>
      <![CDATA[Click to see Screenshot]]>
    </line>
    <line>
      <![CDATA[<a target="_blank" href=Thu_Nov_05_15_09_07_AEDT_2020.jpg>Screenshot</a>]]>
    </line>
    <line>
      <![CDATA[<br>]]>
    </line>
    <line>
      <![CDATA[testCase03 Ended Successfully]]>
    </line>
    <line>
      <![CDATA[<br>]]>
    </line>
    <line>
      <![CDATA[1.From the home page go to shop page - Successful]]>
    </line>
    <line>
      <![CDATA[<br>]]>
    </line>
    <line>
      <![CDATA[2. Click buy button 2 times on Funny Cow - Successful]]>
    </line>
    <line>
      <![CDATA[<br>]]>
    </line>
    <line>
      <![CDATA[3. Click buy button 1 time on Fluffy Bunny - Successful]]>
    </line>
    <line>
      <![CDATA[<br>]]>
    </line>
    <line>
      <![CDATA[4. Click the cart menu - Successful]]>
    </line>
    <line>
      <![CDATA[<br>]]>
    </line>
    <line>
      <![CDATA[5. Verifing the items in the cart]]>
    </line>
    <line>
      <![CDATA[<br>]]>
    </line>
    <line>
      <![CDATA[Funny Cow is displayed]]>
    </line>
    <line>
      <![CDATA[<br>]]>
    </line>
    <line>
      <![CDATA[Fluffy Bunny is displayed]]>
    </line>
    <line>
      <![CDATA[<br>]]>
    </line>
    <line>
      <![CDATA[Click to see Screenshot]]>
    </line>
    <line>
      <![CDATA[<a target="_blank" href=Thu_Nov_05_15_09_15_AEDT_2020.jpg>Screenshot</a>]]>
    </line>
    <line>
      <![CDATA[<br>]]>
    </line>
    <line>
      <![CDATA[testCase04 Ended Successfully]]>
    </line>
  </reporter-output>
  <suite name="Jupiter Toys" duration-ms="38007" started-at="2020-11-05T04:08:37Z" finished-at="2020-11-05T04:09:16Z">
    <groups>
    </groups>
    <test name="TestCase1" duration-ms="8457" started-at="2020-11-05T04:08:37Z" finished-at="2020-11-05T04:08:46Z">
      <class name="com.jupiter.cloud.planittesting.v1.TestCase1">
        <test-method status="PASS" signature="initialSetup()[pri:0, instance:com.jupiter.cloud.planittesting.v1.TestCase1@3bb9a3ff]" name="initialSetup" is-config="true" duration-ms="7928" started-at="2020-11-05T04:08:37Z" finished-at="2020-11-05T04:08:45Z">
          <reporter-output>
          </reporter-output>
        </test-method> <!-- initialSetup -->
        <test-method status="FAIL" signature="testCase01()[pri:0, instance:com.jupiter.cloud.planittesting.v1.TestCase1@3bb9a3ff]" name="testCase01" duration-ms="6" started-at="2020-11-05T04:08:45Z" finished-at="2020-11-05T04:08:45Z">
          <exception class="java.lang.IllegalArgumentException">
            <message>
              <![CDATA[Cannot find elements when the XPath is null.]]>
            </message>
            <full-stacktrace>
              <![CDATA[java.lang.IllegalArgumentException: Cannot find elements when the XPath is null.
at org.openqa.selenium.By$ByXPath.<init>(By.java:339)
at org.openqa.selenium.By.xpath(By.java:92)
at com.jupiter.cloud.planittesting.v1.TestBase.click(TestBase.java:78)
at com.jupiter.cloud.planittesting.v1.TestCase1.testCase01(TestCase1.java:24)
at sun.reflect.NativeMethodAccessorImpl.invoke0(Native Method)
at sun.reflect.NativeMethodAccessorImpl.invoke(NativeMethodAccessorImpl.java:62)
at sun.reflect.DelegatingMethodAccessorImpl.invoke(DelegatingMethodAccessorImpl.java:43)
at java.lang.reflect.Method.invoke(Method.java:498)
at org.testng.internal.MethodInvocationHelper.invokeMethod(MethodInvocationHelper.java:124)
at org.testng.internal.Invoker.invokeMethod(Invoker.java:583)
at org.testng.internal.Invoker.invokeTestMethod(Invoker.java:719)
at org.testng.internal.Invoker.invokeTestMethods(Invoker.java:989)
at org.testng.internal.TestMethodWorker.invokeTestMethods(TestMethodWorker.java:125)
at org.testng.internal.TestMethodWorker.run(TestMethodWorker.java:109)
at org.testng.TestRunner.privateRun(TestRunner.java:648)
at org.testng.TestRunner.run(TestRunner.java:505)
at org.testng.SuiteRunner.runTest(SuiteRunner.java:455)
at org.testng.SuiteRunner.runSequentially(SuiteRunner.java:450)
at org.testng.SuiteRunner.privateRun(SuiteRunner.java:415)
at org.testng.SuiteRunner.run(SuiteRunner.java:364)
at org.testng.SuiteRunnerWorker.runSuite(SuiteRunnerWorker.java:52)
at org.testng.SuiteRunnerWorker.run(SuiteRunnerWorker.java:84)
at org.testng.TestNG.runSuitesSequentially(TestNG.java:1208)
at org.testng.TestNG.runSuitesLocally(TestNG.java:1137)
at org.testng.TestNG.runSuites(TestNG.java:1049)
at org.testng.TestNG.run(TestNG.java:1017)
at org.testng.remote.AbstractRemoteTestNG.run(AbstractRemoteTestNG.java:115)
at org.testng.remote.RemoteTestNG.initAndRun(RemoteTestNG.java:251)
at org.testng.remote.RemoteTestNG.main(RemoteTestNG.java:77)
]]>
            </full-stacktrace>
          </exception> <!-- java.lang.IllegalArgumentException -->
          <reporter-output>
            <line>
              <![CDATA[<br>]]>
            </line>
            <line>
              <![CDATA[Click to see Screenshot]]>
            </line>
            <line>
              <![CDATA[<a target="_blank" href=Thu_Nov_05_15_08_46_AEDT_2020.jpg>Screenshot</a>]]>
            </line>
            <line>
              <![CDATA[<br>]]>
            </line>
            <line>
              <![CDATA[<br>]]>
            </line>
            <line>
              <![CDATA[<a target="_blank" href=Thu_Nov_05_15_08_46_AEDT_2020.jpg><img src=Thu_Nov_05_15_08_46_AEDT_2020.jpg height=200 width=200></img></a>]]>
            </line>
          </reporter-output>
        </test-method> <!-- testCase01 -->
      </class> <!-- com.jupiter.cloud.planittesting.v1.TestCase1 -->
    </test> <!-- TestCase1 -->
    <test name="TestCase2" duration-ms="12814" started-at="2020-11-05T04:08:46Z" finished-at="2020-11-05T04:08:59Z">
      <class name="com.jupiter.cloud.planittesting.v1.TestCase2">
        <test-method status="PASS" signature="initialSetup()[pri:0, instance:com.jupiter.cloud.planittesting.v1.TestCase2@6c64cb25]" name="initialSetup" is-config="true" duration-ms="7712" started-at="2020-11-05T04:08:46Z" finished-at="2020-11-05T04:08:54Z">
          <reporter-output>
          </reporter-output>
        </test-method> <!-- initialSetup -->
        <test-method status="FAIL" signature="testCase02()[pri:0, instance:com.jupiter.cloud.planittesting.v1.TestCase2@6c64cb25]" name="testCase02" duration-ms="4770" started-at="2020-11-05T04:08:54Z" finished-at="2020-11-05T04:08:58Z">
          <exception class="java.lang.AssertionError">
            <message>
              <![CDATA[expected [true] but found [false]]]>
            </message>
            <full-stacktrace>
              <![CDATA[java.lang.AssertionError: expected [true] but found [false]
at org.testng.Assert.fail(Assert.java:96)
at org.testng.Assert.failNotEquals(Assert.java:776)
at org.testng.Assert.assertTrue(Assert.java:44)
at org.testng.Assert.assertTrue(Assert.java:54)
at com.jupiter.cloud.planittesting.v1.TestCase2.testCase02(TestCase2.java:52)
at sun.reflect.NativeMethodAccessorImpl.invoke0(Native Method)
at sun.reflect.NativeMethodAccessorImpl.invoke(NativeMethodAccessorImpl.java:62)
at sun.reflect.DelegatingMethodAccessorImpl.invoke(DelegatingMethodAccessorImpl.java:43)
at java.lang.reflect.Method.invoke(Method.java:498)
at org.testng.internal.MethodInvocationHelper.invokeMethod(MethodInvocationHelper.java:124)
at org.testng.internal.Invoker.invokeMethod(Invoker.java:583)
at org.testng.internal.Invoker.invokeTestMethod(Invoker.java:719)
at org.testng.internal.Invoker.invokeTestMethods(Invoker.java:989)
at org.testng.internal.TestMethodWorker.invokeTestMethods(TestMethodWorker.java:125)
at org.testng.internal.TestMethodWorker.run(TestMethodWorker.java:109)
at org.testng.TestRunner.privateRun(TestRunner.java:648)
at org.testng.TestRunner.run(TestRunner.java:505)
at org.testng.SuiteRunner.runTest(SuiteRunner.java:455)
at org.testng.SuiteRunner.runSequentially(SuiteRunner.java:450)
at org.testng.SuiteRunner.privateRun(SuiteRunner.java:415)
at org.testng.SuiteRunner.run(SuiteRunner.java:364)
at org.testng.SuiteRunnerWorker.runSuite(SuiteRunnerWorker.java:52)
at org.testng.SuiteRunnerWorker.run(SuiteRunnerWorker.java:84)
at org.testng.TestNG.runSuitesSequentially(TestNG.java:1208)
at org.testng.TestNG.runSuitesLocally(TestNG.java:1137)
at org.testng.TestNG.runSuites(TestNG.java:1049)
at org.testng.TestNG.run(TestNG.java:1017)
at org.testng.remote.AbstractRemoteTestNG.run(AbstractRemoteTestNG.java:115)
at org.testng.remote.RemoteTestNG.initAndRun(RemoteTestNG.java:251)
at org.testng.remote.RemoteTestNG.main(RemoteTestNG.java:77)
]]>
            </full-stacktrace>
          </exception> <!-- java.lang.AssertionError -->
          <reporter-output>
            <line>
              <![CDATA[<br>]]>
            </line>
            <line>
              <![CDATA[1. From the home page go to contact page - Successful]]>
            </line>
            <line>
              <![CDATA[<br>]]>
            </line>
            <line>
              <![CDATA[2. Populate mandatory fields - Successful]]>
            </line>
            <line>
              <![CDATA[<br>]]>
            </line>
            <line>
              <![CDATA[3. Click submit button - Successful]]>
            </line>
            <line>
              <![CDATA[<br>]]>
            </line>
            <line>
              <![CDATA[4. Validate successful submission message]]>
            </line>
            <line>
              <![CDATA[<br>]]>
            </line>
            <line>
              <![CDATA[Success Message is Displayed]]>
            </line>
            <line>
              <![CDATA[<br>]]>
            </line>
            <line>
              <![CDATA[Click to see Screenshot]]>
            </line>
            <line>
              <![CDATA[<a target="_blank" href=Thu_Nov_05_15_08_58_AEDT_2020.jpg>Screenshot</a>]]>
            </line>
            <line>
              <![CDATA[<br>]]>
            </line>
            <line>
              <![CDATA[Click to see Screenshot]]>
            </line>
            <line>
              <![CDATA[<a target="_blank" href=Thu_Nov_05_15_08_59_AEDT_2020.jpg>Screenshot</a>]]>
            </line>
            <line>
              <![CDATA[<br>]]>
            </line>
            <line>
              <![CDATA[<br>]]>
            </line>
            <line>
              <![CDATA[<a target="_blank" href=Thu_Nov_05_15_08_59_AEDT_2020.jpg><img src=Thu_Nov_05_15_08_59_AEDT_2020.jpg height=200 width=200></img></a>]]>
            </line>
          </reporter-output>
        </test-method> <!-- testCase02 -->
      </class> <!-- com.jupiter.cloud.planittesting.v1.TestCase2 -->
    </test> <!-- TestCase2 -->
    <test name="TestCase3" duration-ms="8250" started-at="2020-11-05T04:08:59Z" finished-at="2020-11-05T04:09:07Z">
      <class name="com.jupiter.cloud.planittesting.v1.TestCase3">
        <test-method status="PASS" signature="initialSetup()[pri:0, instance:com.jupiter.cloud.planittesting.v1.TestCase3@2d7275fc]" name="initialSetup" is-config="true" duration-ms="7342" started-at="2020-11-05T04:08:59Z" finished-at="2020-11-05T04:09:06Z">
          <reporter-output>
          </reporter-output>
        </test-method> <!-- initialSetup -->
        <test-method status="PASS" signature="testCase03()[pri:0, instance:com.jupiter.cloud.planittesting.v1.TestCase3@2d7275fc]" name="testCase03" duration-ms="907" started-at="2020-11-05T04:09:06Z" finished-at="2020-11-05T04:09:07Z">
          <reporter-output>
            <line>
              <![CDATA[1. From the home page go to contact page - Successful]]>
            </line>
            <line>
              <![CDATA[<br>]]>
            </line>
            <line>
              <![CDATA[2. Populated mandatory fields with invalid data]]>
            </line>
            <line>
              <![CDATA[<br>]]>
            </line>
            <line>
              <![CDATA[3. Validate errors]]>
            </line>
            <line>
              <![CDATA[<br>]]>
            </line>
            <line>
              <![CDATA[Error Notification - Header is Displayed]]>
            </line>
            <line>
              <![CDATA[<br>]]>
            </line>
            <line>
              <![CDATA[Email Error - Alert is Displayed]]>
            </line>
            <line>
              <![CDATA[<br>]]>
            </line>
            <line>
              <![CDATA[Click to see Screenshot]]>
            </line>
            <line>
              <![CDATA[<a target="_blank" href=Thu_Nov_05_15_09_07_AEDT_2020.jpg>Screenshot</a>]]>
            </line>
            <line>
              <![CDATA[<br>]]>
            </line>
            <line>
              <![CDATA[testCase03 Ended Successfully]]>
            </line>
          </reporter-output>
        </test-method> <!-- testCase03 -->
      </class> <!-- com.jupiter.cloud.planittesting.v1.TestCase3 -->
    </test> <!-- TestCase3 -->
    <test name="TestCase4" duration-ms="8463" started-at="2020-11-05T04:09:07Z" finished-at="2020-11-05T04:09:16Z">
      <class name="com.jupiter.cloud.planittesting.v1.TestCase4">
        <test-method status="PASS" signature="initialSetup()[pri:0, instance:com.jupiter.cloud.planittesting.v1.TestCase4@1189dd52]" name="initialSetup" is-config="true" duration-ms="7334" started-at="2020-11-05T04:09:07Z" finished-at="2020-11-05T04:09:14Z">
          <reporter-output>
          </reporter-output>
        </test-method> <!-- initialSetup -->
        <test-method status="PASS" signature="testCase04()[pri:0, instance:com.jupiter.cloud.planittesting.v1.TestCase4@1189dd52]" name="testCase04" duration-ms="1127" started-at="2020-11-05T04:09:14Z" finished-at="2020-11-05T04:09:16Z">
          <reporter-output>
            <line>
              <![CDATA[<br>]]>
            </line>
            <line>
              <![CDATA[1.From the home page go to shop page - Successful]]>
            </line>
            <line>
              <![CDATA[<br>]]>
            </line>
            <line>
              <![CDATA[2. Click buy button 2 times on Funny Cow - Successful]]>
            </line>
            <line>
              <![CDATA[<br>]]>
            </line>
            <line>
              <![CDATA[3. Click buy button 1 time on Fluffy Bunny - Successful]]>
            </line>
            <line>
              <![CDATA[<br>]]>
            </line>
            <line>
              <![CDATA[4. Click the cart menu - Successful]]>
            </line>
            <line>
              <![CDATA[<br>]]>
            </line>
            <line>
              <![CDATA[5. Verifing the items in the cart]]>
            </line>
            <line>
              <![CDATA[<br>]]>
            </line>
            <line>
              <![CDATA[Funny Cow is displayed]]>
            </line>
            <line>
              <![CDATA[<br>]]>
            </line>
            <line>
              <![CDATA[Fluffy Bunny is displayed]]>
            </line>
            <line>
              <![CDATA[<br>]]>
            </line>
            <line>
              <![CDATA[Click to see Screenshot]]>
            </line>
            <line>
              <![CDATA[<a target="_blank" href=Thu_Nov_05_15_09_15_AEDT_2020.jpg>Screenshot</a>]]>
            </line>
            <line>
              <![CDATA[<br>]]>
            </line>
            <line>
              <![CDATA[testCase04 Ended Successfully]]>
            </line>
          </reporter-output>
        </test-method> <!-- testCase04 -->
      </class> <!-- com.jupiter.cloud.planittesting.v1.TestCase4 -->
    </test> <!-- TestCase4 -->
  </suite> <!-- Jupiter Toys -->
</testng-results>
